INFO    | Creating: errors.log
INFO    | ====Starting service====
INFO    | register: C:\Users\Elmio_000\workspace\AutoFile
INFO    | ====Reading configuration====
INFO    | Add | ExtensionMatchRule | Extension: .bmp
INFO    | Add | MoveAction | Destination: c:\images
INFO    | Add | CommandAction | Command: cmd /C C:\test\tt.bat "AUTOFILE_FILENAME"
INFO    | Add | AndMatchRuleCollection
INFO    | ====AndMatchRuleCollection Start====
INFO    | Add | RegexMatchRule | Pattern: ^Skole.*
INFO    | Add | OrMatchRuleCollection
INFO    | ====OrMatchRuleCollection Start====
INFO    | Add | ExtensionMatchRule | Extension: .docx
INFO    | Add | ExtensionMatchRule | Extension: .txt
INFO    | ====OrMatchRuleCollection End====
INFO    | ====AndMatchRuleCollection End====
INFO    | Add | MoveAction | Destination: z:\skole
INFO    | Add | CopyAction | Destination: c:\documents
INFO    | ====Configuration loaded====
INFO    | register: c:\test
INFO    | Creating: events.log
ERROR   | MoveAction | Couldn't move: c:\test\Skoletest.docx to: z:\skole\Skoletest (9).docx
ERROR   | MoveAction | Couldn't move: c:\test\test image.bmp to: c:\images\test image (15).bmp
INFO    | ====Starting service====
INFO    | Registered folder: C:\Users\Elmio_000\workspace\AutoFile
INFO    | ====Reading configuration====
INFO    | Add | ExtensionMatchRule | Extension: .bmp
INFO    | Add | MoveAction | Destination: c:\images
INFO    | Add | CommandAction | Command: cmd /C C:\test\tt.bat "AUTOFILE_FILENAME"
INFO    | Add | AndMatchRuleCollection
INFO    | ====AndMatchRuleCollection Start====
INFO    | Add | RegexMatchRule | Pattern: ^Skole.*
INFO    | Add | OrMatchRuleCollection
INFO    | ====OrMatchRuleCollection Start====
INFO    | Add | ExtensionMatchRule | Extension: .docx
INFO    | Add | ExtensionMatchRule | Extension: .txt
INFO    | ====OrMatchRuleCollection End====
INFO    | ====AndMatchRuleCollection End====
INFO    | Add | MoveAction | Destination: z:\skole
INFO    | Add | CopyAction | Destination: c:\documents
INFO    | ====Configuration loaded====
INFO    | Registered folder: c:\test
INFO    | ====Output Start====
INFO    | 
INFO    | C:\Users\Elmio_000\workspace\AutoFile>echo "test image (15)" 
INFO    | "test image (15)"
INFO    | ====Output End====
ERROR   | MoveAction | Couldn't move: c:\test\test image.bmp to: c:\images\test image (16).bmp
