ExtensionMatch | c:\test\Skoletest.docx | Extension[.bmp] | Matches? NO
====AndCollectionMatch====
RegexMatch | c:\test\Skoletest.docx | Pattern[^Skole.*] | Matches? YES
====OrCollectionMatch====
ExtensionMatch | c:\test\Skoletest.docx | Extension[.docx] | Matches? YES
====OrCollectionMatch | Matched? YES====
====AndCollectionMatch | Matched? YES====
MoveAction | Successfully moved: c:\test\Skoletest.docx to: z:\skole\Skoletest (8).docx
CopyAction | Successfully copied: z:\skole\Skoletest (8).docx to: c:\documents\Skoletest (8).docx
ExtensionMatch | c:\test\Skoletest.docx | Extension[.bmp] | Matches? NO
====AndCollectionMatch====
RegexMatch | c:\test\Skoletest.docx | Pattern[^Skole.*] | Matches? YES
====OrCollectionMatch====
ExtensionMatch | c:\test\Skoletest.docx | Extension[.docx] | Matches? YES
====OrCollectionMatch | Matched? YES====
====AndCollectionMatch | Matched? YES====
ExtensionMatch | c:\test\test image.bmp | Extension[.bmp] | Matches? YES
MoveAction | Successfully moved: c:\test\test image.bmp to: c:\images\test image (14).bmp
====AndCollectionMatch====
RegexMatch | c:\test\test image.bmp | Pattern[^Skole.*] | Matches? NO
====AndCollectionMatch | Matched? NO====
ExtensionMatch | c:\test\test image.bmp | Extension[.bmp] | Matches? YES
====AndCollectionMatch====
RegexMatch | c:\test\test image.bmp | Pattern[^Skole.*] | Matches? NO
====AndCollectionMatch | Matched? NO====
ExtensionMatch | c:\test\test image.bmp | Extension[.bmp] | Matches? YES
MoveAction | Successfully moved: c:\test\test image.bmp to: c:\images\test image (15).bmp
CommandAction | Success
====AndCollectionMatch====
RegexMatch | c:\test\test image.bmp | Pattern[^Skole.*] | Matches? NO
====AndCollectionMatch | Matched? NO====
ExtensionMatch | c:\test\test image.bmp | Extension[.bmp] | Matches? YES
====AndCollectionMatch====
RegexMatch | c:\test\test image.bmp | Pattern[^Skole.*] | Matches? NO
====AndCollectionMatch | Matched? NO====
